<?xml version="1.0" encoding="UTF-8"?>
<!DOCTYPE html PUBLIC "-//W3C//DTD XHTML 1.0 Strict//EN" "http://www.w3.org/TR/xhtml1/DTD/xhtml1-strict.dtd">
<html xmlns="http://www.w3.org/1999/xhtml">
<head>
    <title>BICAI_GUI_FOR_ANDROID</title>
    <meta name="generator" content="HTMLTestRunner 0.8.2"/>
    <meta http-equiv="Content-Type" content="text/html; charset=UTF-8"/>
    
<style type="text/css" media="screen">
body        { font-family: verdana, arial, helvetica, sans-serif; font-size: 80%; }
table       { font-size: 100%; }
pre         { }

/* -- heading ---------------------------------------------------------------------- */
h1 {
	font-size: 16pt;
	color: gray;
}
.heading {
    margin-top: 0ex;
    margin-bottom: 1ex;
}

.heading .attribute {
    margin-top: 1ex;
    margin-bottom: 0;
}

.heading .description {
    margin-top: 4ex;
    margin-bottom: 6ex;
}

/* -- css div popup ------------------------------------------------------------------------ */
a.popup_link {
}

a.popup_link:hover {
    color: red;
}

.popup_window {
    display: none;
    position: relative;
    left: 0px;
    top: 0px;
    /*border: solid #627173 1px; */
    padding: 10px;
    background-color: #E6E6D6;
    font-family: "Lucida Console", "Courier New", Courier, monospace;
    text-align: left;
    font-size: 8pt;
    width: 500px;
}

}
/* -- report ------------------------------------------------------------------------ */
#show_detail_line {
    margin-top: 3ex;
    margin-bottom: 1ex;
}
#result_table {
    width: 80%;
    border-collapse: collapse;
    border: 1px solid #777;
}
#header_row {
    font-weight: bold;
    color: white;
    background-color: #777;
}
#result_table td {
    border: 1px solid #777;
    padding: 2px;
}
#total_row  { font-weight: bold; }
.passClass  { background-color: #6c6; }
.failClass  { background-color: #c60; }
.errorClass { background-color: #c00; }
.passCase   { color: #6c6; }
.failCase   { color: #c60; font-weight: bold; }
.errorCase  { color: #c00; font-weight: bold; }
.hiddenRow  { display: none; }
.testcase   { margin-left: 2em; }


/* -- ending ---------------------------------------------------------------------- */
#ending {
}

</style>

</head>
<body>
<script language="javascript" type="text/javascript"><!--
output_list = Array();

/* level - 0:Summary; 1:Failed; 2:All */
function showCase(level) {
    trs = document.getElementsByTagName("tr");
    for (var i = 0; i < trs.length; i++) {
        tr = trs[i];
        id = tr.id;
        if (id.substr(0,2) == 'ft') {
            if (level < 1) {
                tr.className = 'hiddenRow';
            }
            else {
                tr.className = '';
            }
        }
        if (id.substr(0,2) == 'pt') {
            if (level > 1) {
                tr.className = '';
            }
            else {
                tr.className = 'hiddenRow';
            }
        }
    }
}


function showClassDetail(cid, count) {
    var id_list = Array(count);
    var toHide = 1;
    for (var i = 0; i < count; i++) {
        tid0 = 't' + cid.substr(1) + '.' + (i+1);
        tid = 'f' + tid0;
        tr = document.getElementById(tid);
        if (!tr) {
            tid = 'p' + tid0;
            tr = document.getElementById(tid);
        }
        id_list[i] = tid;
        if (tr.className) {
            toHide = 0;
        }
    }
    for (var i = 0; i < count; i++) {
        tid = id_list[i];
        if (toHide) {
            document.getElementById('div_'+tid).style.display = 'none'
            document.getElementById(tid).className = 'hiddenRow';
        }
        else {
            document.getElementById(tid).className = '';
        }
    }
}


function showTestDetail(div_id){
    var details_div = document.getElementById(div_id)
    var displayState = details_div.style.display
    // alert(displayState)
    if (displayState != 'block' ) {
        displayState = 'block'
        details_div.style.display = 'block'
    }
    else {
        details_div.style.display = 'none'
    }
}


function html_escape(s) {
    s = s.replace(/&/g,'&amp;');
    s = s.replace(/</g,'&lt;');
    s = s.replace(/>/g,'&gt;');
    return s;
}

/* obsoleted by detail in <div>
function showOutput(id, name) {
    var w = window.open("", //url
                    name,
                    "resizable,scrollbars,status,width=800,height=450");
    d = w.document;
    d.write("<pre>");
    d.write(html_escape(output_list[id]));
    d.write("\n");
    d.write("<a href='javascript:window.close()'>close</a>\n");
    d.write("</pre>\n");
    d.close();
}
*/
--></script>

<div class='heading'>
<h1>BICAI_GUI_FOR_ANDROID</h1>
<p class='attribute'><strong>Start Time:</strong> 2018-09-14 17:41:37</p>
<p class='attribute'><strong>Duration:</strong> 0:02:07.437024</p>
<p class='attribute'><strong>Status:</strong> Pass 2 Error 11</p>

<p class='description'>autotest_gui_android</p>
</div>



<p id='show_detail_line'>Show
<a href='javascript:showCase(0)'>Summary</a>
<a href='javascript:showCase(1)'>Failed</a>
<a href='javascript:showCase(2)'>All</a>
</p>
<table id='result_table'>
<colgroup>
<col align='left' />
<col align='right' />
<col align='right' />
<col align='right' />
<col align='right' />
<col align='right' />
</colgroup>
<tr id='header_row'>
    <td>Test Group/Test case</td>
    <td>Count</td>
    <td>Pass</td>
    <td>Fail</td>
    <td>Error</td>
    <td>View</td>
</tr>

<tr class='errorClass'>
    <td>test_case.firstTest.MyTestCase</td>
    <td>13</td>
    <td>2</td>
    <td>0</td>
    <td>11</td>
    <td><a href="javascript:showClassDetail('c1',13)">Detail</a></td>
</tr>

<tr id='pt1.1' class='hiddenRow'>
    <td class='none'><div class='testcase'>test_bc_01: 已登录状态下，状态验证</div></td>
    <td colspan='5' align='center'>pass</td>
</tr>

<tr id='ft1.2' class='none'>
    <td class='errorCase'><div class='testcase'>test_bc_02: 排行榜按钮点击跳转</div></td>
    <td colspan='5' align='center'>

    <!--css div popup start-->
    <a class="popup_link" onfocus='this.blur();' href="javascript:showTestDetail('div_ft1.2')" >
        error</a>

    <div id='div_ft1.2' class="popup_window">
        <div style='text-align: right; color:red;cursor:pointer'>
        <a onfocus='this.blur();' onclick="document.getElementById('div_ft1.2').style.display = 'none' " >
           [x]</a>
        </div>
        <pre>
        
ft1.2: Traceback (most recent call last):
  File "/Users/xuchen/PycharmProjects/BCGTFA/test_case/firstTest.py", line 108, in test_bc_02
    product_type = driver.find_element_by_id("com.bs.finance:id/tv_title").text
  File "/Users/xuchen/venv/BCGTFA/lib/python3.7/site-packages/selenium/webdriver/remote/webdriver.py", line 359, in find_element_by_id
    return self.find_element(by=By.ID, value=id_)
  File "/Users/xuchen/venv/BCGTFA/lib/python3.7/site-packages/appium/webdriver/webdriver.py", line 221, in find_element
    'value': value})['value']
  File "/Users/xuchen/venv/BCGTFA/lib/python3.7/site-packages/selenium/webdriver/remote/webdriver.py", line 320, in execute
    self.error_handler.check_response(response)
  File "/Users/xuchen/venv/BCGTFA/lib/python3.7/site-packages/appium/webdriver/errorhandler.py", line 29, in check_response
    raise wde
  File "/Users/xuchen/venv/BCGTFA/lib/python3.7/site-packages/appium/webdriver/errorhandler.py", line 24, in check_response
    super(MobileErrorHandler, self).check_response(response)
  File "/Users/xuchen/venv/BCGTFA/lib/python3.7/site-packages/selenium/webdriver/remote/errorhandler.py", line 242, in check_response
    raise exception_class(message, screen, stacktrace)
selenium.common.exceptions.NoSuchElementException: Message: An element could not be located on the page using the given search parameters.

Traceback (most recent call last):
  File "/Users/xuchen/PycharmProjects/BCGTFA/test_case/firstTest.py", line 108, in test_bc_02
    product_type = driver.find_element_by_id("com.bs.finance:id/tv_title").text
  File "/Users/xuchen/venv/BCGTFA/lib/python3.7/site-packages/selenium/webdriver/remote/webdriver.py", line 359, in find_element_by_id
    return self.find_element(by=By.ID, value=id_)
  File "/Users/xuchen/venv/BCGTFA/lib/python3.7/site-packages/appium/webdriver/webdriver.py", line 221, in find_element
    'value': value})['value']
  File "/Users/xuchen/venv/BCGTFA/lib/python3.7/site-packages/selenium/webdriver/remote/webdriver.py", line 320, in execute
    self.error_handler.check_response(response)
  File "/Users/xuchen/venv/BCGTFA/lib/python3.7/site-packages/appium/webdriver/errorhandler.py", line 29, in check_response
    raise wde
  File "/Users/xuchen/venv/BCGTFA/lib/python3.7/site-packages/appium/webdriver/errorhandler.py", line 24, in check_response
    super(MobileErrorHandler, self).check_response(response)
  File "/Users/xuchen/venv/BCGTFA/lib/python3.7/site-packages/selenium/webdriver/remote/errorhandler.py", line 242, in check_response
    raise exception_class(message, screen, stacktrace)
selenium.common.exceptions.NoSuchElementException: Message: An element could not be located on the page using the given search parameters.



        </pre>
    </div>
    <!--css div popup end-->

    </td>
</tr>

<tr id='ft1.3' class='none'>
    <td class='errorCase'><div class='testcase'>test_bc_03: 排行榜返回icon点击</div></td>
    <td colspan='5' align='center'>

    <!--css div popup start-->
    <a class="popup_link" onfocus='this.blur();' href="javascript:showTestDetail('div_ft1.3')" >
        error</a>

    <div id='div_ft1.3' class="popup_window">
        <div style='text-align: right; color:red;cursor:pointer'>
        <a onfocus='this.blur();' onclick="document.getElementById('div_ft1.3').style.display = 'none' " >
           [x]</a>
        </div>
        <pre>
        
ft1.3: Traceback (most recent call last):
  File "/Users/xuchen/PycharmProjects/BCGTFA/test_case/firstTest.py", line 118, in test_bc_03
    mo().my_Click(driver, "xpath", 10)
  File "/Users/xuchen/PycharmProjects/BCGTFA/biz/my_operation.py", line 24, in my_Click
    driver.find_element_by_xpath(expath).click()
  File "/Users/xuchen/venv/BCGTFA/lib/python3.7/site-packages/selenium/webdriver/remote/webdriver.py", line 393, in find_element_by_xpath
    return self.find_element(by=By.XPATH, value=xpath)
  File "/Users/xuchen/venv/BCGTFA/lib/python3.7/site-packages/appium/webdriver/webdriver.py", line 221, in find_element
    'value': value})['value']
  File "/Users/xuchen/venv/BCGTFA/lib/python3.7/site-packages/selenium/webdriver/remote/webdriver.py", line 320, in execute
    self.error_handler.check_response(response)
  File "/Users/xuchen/venv/BCGTFA/lib/python3.7/site-packages/appium/webdriver/errorhandler.py", line 29, in check_response
    raise wde
  File "/Users/xuchen/venv/BCGTFA/lib/python3.7/site-packages/appium/webdriver/errorhandler.py", line 24, in check_response
    super(MobileErrorHandler, self).check_response(response)
  File "/Users/xuchen/venv/BCGTFA/lib/python3.7/site-packages/selenium/webdriver/remote/errorhandler.py", line 242, in check_response
    raise exception_class(message, screen, stacktrace)
selenium.common.exceptions.NoSuchElementException: Message: An element could not be located on the page using the given search parameters.

Traceback (most recent call last):
  File "/Users/xuchen/PycharmProjects/BCGTFA/test_case/firstTest.py", line 118, in test_bc_03
    mo().my_Click(driver, "xpath", 10)
  File "/Users/xuchen/PycharmProjects/BCGTFA/biz/my_operation.py", line 24, in my_Click
    driver.find_element_by_xpath(expath).click()
  File "/Users/xuchen/venv/BCGTFA/lib/python3.7/site-packages/selenium/webdriver/remote/webdriver.py", line 393, in find_element_by_xpath
    return self.find_element(by=By.XPATH, value=xpath)
  File "/Users/xuchen/venv/BCGTFA/lib/python3.7/site-packages/appium/webdriver/webdriver.py", line 221, in find_element
    'value': value})['value']
  File "/Users/xuchen/venv/BCGTFA/lib/python3.7/site-packages/selenium/webdriver/remote/webdriver.py", line 320, in execute
    self.error_handler.check_response(response)
  File "/Users/xuchen/venv/BCGTFA/lib/python3.7/site-packages/appium/webdriver/errorhandler.py", line 29, in check_response
    raise wde
  File "/Users/xuchen/venv/BCGTFA/lib/python3.7/site-packages/appium/webdriver/errorhandler.py", line 24, in check_response
    super(MobileErrorHandler, self).check_response(response)
  File "/Users/xuchen/venv/BCGTFA/lib/python3.7/site-packages/selenium/webdriver/remote/errorhandler.py", line 242, in check_response
    raise exception_class(message, screen, stacktrace)
selenium.common.exceptions.NoSuchElementException: Message: An element could not be located on the page using the given search parameters.



        </pre>
    </div>
    <!--css div popup end-->

    </td>
</tr>

<tr id='ft1.4' class='none'>
    <td class='errorCase'><div class='testcase'>test_bc_04: 排行榜中货币基金导航栏按钮点击跳转</div></td>
    <td colspan='5' align='center'>

    <!--css div popup start-->
    <a class="popup_link" onfocus='this.blur();' href="javascript:showTestDetail('div_ft1.4')" >
        error</a>

    <div id='div_ft1.4' class="popup_window">
        <div style='text-align: right; color:red;cursor:pointer'>
        <a onfocus='this.blur();' onclick="document.getElementById('div_ft1.4').style.display = 'none' " >
           [x]</a>
        </div>
        <pre>
        
ft1.4: Traceback (most recent call last):
  File "/Users/xuchen/PycharmProjects/BCGTFA/test_case/firstTest.py", line 131, in test_bc_04
    qrnh_button_type = driver.find_element_by_id("com.bs.finance:id/line_1").is_displayed()
  File "/Users/xuchen/venv/BCGTFA/lib/python3.7/site-packages/selenium/webdriver/remote/webdriver.py", line 359, in find_element_by_id
    return self.find_element(by=By.ID, value=id_)
  File "/Users/xuchen/venv/BCGTFA/lib/python3.7/site-packages/appium/webdriver/webdriver.py", line 221, in find_element
    'value': value})['value']
  File "/Users/xuchen/venv/BCGTFA/lib/python3.7/site-packages/selenium/webdriver/remote/webdriver.py", line 320, in execute
    self.error_handler.check_response(response)
  File "/Users/xuchen/venv/BCGTFA/lib/python3.7/site-packages/appium/webdriver/errorhandler.py", line 29, in check_response
    raise wde
  File "/Users/xuchen/venv/BCGTFA/lib/python3.7/site-packages/appium/webdriver/errorhandler.py", line 24, in check_response
    super(MobileErrorHandler, self).check_response(response)
  File "/Users/xuchen/venv/BCGTFA/lib/python3.7/site-packages/selenium/webdriver/remote/errorhandler.py", line 242, in check_response
    raise exception_class(message, screen, stacktrace)
selenium.common.exceptions.NoSuchElementException: Message: An element could not be located on the page using the given search parameters.

Traceback (most recent call last):
  File "/Users/xuchen/PycharmProjects/BCGTFA/test_case/firstTest.py", line 131, in test_bc_04
    qrnh_button_type = driver.find_element_by_id("com.bs.finance:id/line_1").is_displayed()
  File "/Users/xuchen/venv/BCGTFA/lib/python3.7/site-packages/selenium/webdriver/remote/webdriver.py", line 359, in find_element_by_id
    return self.find_element(by=By.ID, value=id_)
  File "/Users/xuchen/venv/BCGTFA/lib/python3.7/site-packages/appium/webdriver/webdriver.py", line 221, in find_element
    'value': value})['value']
  File "/Users/xuchen/venv/BCGTFA/lib/python3.7/site-packages/selenium/webdriver/remote/webdriver.py", line 320, in execute
    self.error_handler.check_response(response)
  File "/Users/xuchen/venv/BCGTFA/lib/python3.7/site-packages/appium/webdriver/errorhandler.py", line 29, in check_response
    raise wde
  File "/Users/xuchen/venv/BCGTFA/lib/python3.7/site-packages/appium/webdriver/errorhandler.py", line 24, in check_response
    super(MobileErrorHandler, self).check_response(response)
  File "/Users/xuchen/venv/BCGTFA/lib/python3.7/site-packages/selenium/webdriver/remote/errorhandler.py", line 242, in check_response
    raise exception_class(message, screen, stacktrace)
selenium.common.exceptions.NoSuchElementException: Message: An element could not be located on the page using the given search parameters.



        </pre>
    </div>
    <!--css div popup end-->

    </td>
</tr>

<tr id='ft1.5' class='none'>
    <td class='errorCase'><div class='testcase'>test_bc_05: 货币基金右上角搜索图标点击</div></td>
    <td colspan='5' align='center'>

    <!--css div popup start-->
    <a class="popup_link" onfocus='this.blur();' href="javascript:showTestDetail('div_ft1.5')" >
        error</a>

    <div id='div_ft1.5' class="popup_window">
        <div style='text-align: right; color:red;cursor:pointer'>
        <a onfocus='this.blur();' onclick="document.getElementById('div_ft1.5').style.display = 'none' " >
           [x]</a>
        </div>
        <pre>
        
ft1.5: Traceback (most recent call last):
  File "/Users/xuchen/PycharmProjects/BCGTFA/test_case/firstTest.py", line 162, in test_bc_05
    mo().my_Click(driver, "xpath", 15)
  File "/Users/xuchen/PycharmProjects/BCGTFA/biz/my_operation.py", line 24, in my_Click
    driver.find_element_by_xpath(expath).click()
  File "/Users/xuchen/venv/BCGTFA/lib/python3.7/site-packages/selenium/webdriver/remote/webdriver.py", line 393, in find_element_by_xpath
    return self.find_element(by=By.XPATH, value=xpath)
  File "/Users/xuchen/venv/BCGTFA/lib/python3.7/site-packages/appium/webdriver/webdriver.py", line 221, in find_element
    'value': value})['value']
  File "/Users/xuchen/venv/BCGTFA/lib/python3.7/site-packages/selenium/webdriver/remote/webdriver.py", line 320, in execute
    self.error_handler.check_response(response)
  File "/Users/xuchen/venv/BCGTFA/lib/python3.7/site-packages/appium/webdriver/errorhandler.py", line 29, in check_response
    raise wde
  File "/Users/xuchen/venv/BCGTFA/lib/python3.7/site-packages/appium/webdriver/errorhandler.py", line 24, in check_response
    super(MobileErrorHandler, self).check_response(response)
  File "/Users/xuchen/venv/BCGTFA/lib/python3.7/site-packages/selenium/webdriver/remote/errorhandler.py", line 242, in check_response
    raise exception_class(message, screen, stacktrace)
selenium.common.exceptions.NoSuchElementException: Message: An element could not be located on the page using the given search parameters.

Traceback (most recent call last):
  File "/Users/xuchen/PycharmProjects/BCGTFA/test_case/firstTest.py", line 162, in test_bc_05
    mo().my_Click(driver, "xpath", 15)
  File "/Users/xuchen/PycharmProjects/BCGTFA/biz/my_operation.py", line 24, in my_Click
    driver.find_element_by_xpath(expath).click()
  File "/Users/xuchen/venv/BCGTFA/lib/python3.7/site-packages/selenium/webdriver/remote/webdriver.py", line 393, in find_element_by_xpath
    return self.find_element(by=By.XPATH, value=xpath)
  File "/Users/xuchen/venv/BCGTFA/lib/python3.7/site-packages/appium/webdriver/webdriver.py", line 221, in find_element
    'value': value})['value']
  File "/Users/xuchen/venv/BCGTFA/lib/python3.7/site-packages/selenium/webdriver/remote/webdriver.py", line 320, in execute
    self.error_handler.check_response(response)
  File "/Users/xuchen/venv/BCGTFA/lib/python3.7/site-packages/appium/webdriver/errorhandler.py", line 29, in check_response
    raise wde
  File "/Users/xuchen/venv/BCGTFA/lib/python3.7/site-packages/appium/webdriver/errorhandler.py", line 24, in check_response
    super(MobileErrorHandler, self).check_response(response)
  File "/Users/xuchen/venv/BCGTFA/lib/python3.7/site-packages/selenium/webdriver/remote/errorhandler.py", line 242, in check_response
    raise exception_class(message, screen, stacktrace)
selenium.common.exceptions.NoSuchElementException: Message: An element could not be located on the page using the given search parameters.



        </pre>
    </div>
    <!--css div popup end-->

    </td>
</tr>

<tr id='ft1.6' class='none'>
    <td class='errorCase'><div class='testcase'>test_bc_06: 输入货币基金产品名称查看搜索结果</div></td>
    <td colspan='5' align='center'>

    <!--css div popup start-->
    <a class="popup_link" onfocus='this.blur();' href="javascript:showTestDetail('div_ft1.6')" >
        error</a>

    <div id='div_ft1.6' class="popup_window">
        <div style='text-align: right; color:red;cursor:pointer'>
        <a onfocus='this.blur();' onclick="document.getElementById('div_ft1.6').style.display = 'none' " >
           [x]</a>
        </div>
        <pre>
        
ft1.6: Traceback (most recent call last):
  File "/Users/xuchen/PycharmProjects/BCGTFA/test_case/firstTest.py", line 170, in test_bc_06
    driver.find_element_by_id("com.bs.finance:id/et_key").send_keys(u"测试产品")
  File "/Users/xuchen/venv/BCGTFA/lib/python3.7/site-packages/selenium/webdriver/remote/webdriver.py", line 359, in find_element_by_id
    return self.find_element(by=By.ID, value=id_)
  File "/Users/xuchen/venv/BCGTFA/lib/python3.7/site-packages/appium/webdriver/webdriver.py", line 221, in find_element
    'value': value})['value']
  File "/Users/xuchen/venv/BCGTFA/lib/python3.7/site-packages/selenium/webdriver/remote/webdriver.py", line 320, in execute
    self.error_handler.check_response(response)
  File "/Users/xuchen/venv/BCGTFA/lib/python3.7/site-packages/appium/webdriver/errorhandler.py", line 29, in check_response
    raise wde
  File "/Users/xuchen/venv/BCGTFA/lib/python3.7/site-packages/appium/webdriver/errorhandler.py", line 24, in check_response
    super(MobileErrorHandler, self).check_response(response)
  File "/Users/xuchen/venv/BCGTFA/lib/python3.7/site-packages/selenium/webdriver/remote/errorhandler.py", line 242, in check_response
    raise exception_class(message, screen, stacktrace)
selenium.common.exceptions.NoSuchElementException: Message: An element could not be located on the page using the given search parameters.

Traceback (most recent call last):
  File "/Users/xuchen/PycharmProjects/BCGTFA/test_case/firstTest.py", line 170, in test_bc_06
    driver.find_element_by_id("com.bs.finance:id/et_key").send_keys(u"测试产品")
  File "/Users/xuchen/venv/BCGTFA/lib/python3.7/site-packages/selenium/webdriver/remote/webdriver.py", line 359, in find_element_by_id
    return self.find_element(by=By.ID, value=id_)
  File "/Users/xuchen/venv/BCGTFA/lib/python3.7/site-packages/appium/webdriver/webdriver.py", line 221, in find_element
    'value': value})['value']
  File "/Users/xuchen/venv/BCGTFA/lib/python3.7/site-packages/selenium/webdriver/remote/webdriver.py", line 320, in execute
    self.error_handler.check_response(response)
  File "/Users/xuchen/venv/BCGTFA/lib/python3.7/site-packages/appium/webdriver/errorhandler.py", line 29, in check_response
    raise wde
  File "/Users/xuchen/venv/BCGTFA/lib/python3.7/site-packages/appium/webdriver/errorhandler.py", line 24, in check_response
    super(MobileErrorHandler, self).check_response(response)
  File "/Users/xuchen/venv/BCGTFA/lib/python3.7/site-packages/selenium/webdriver/remote/errorhandler.py", line 242, in check_response
    raise exception_class(message, screen, stacktrace)
selenium.common.exceptions.NoSuchElementException: Message: An element could not be located on the page using the given search parameters.



        </pre>
    </div>
    <!--css div popup end-->

    </td>
</tr>

<tr id='ft1.7' class='none'>
    <td class='errorCase'><div class='testcase'>test_bc_07: 排行榜中理财产品导航栏按钮点击跳转</div></td>
    <td colspan='5' align='center'>

    <!--css div popup start-->
    <a class="popup_link" onfocus='this.blur();' href="javascript:showTestDetail('div_ft1.7')" >
        error</a>

    <div id='div_ft1.7' class="popup_window">
        <div style='text-align: right; color:red;cursor:pointer'>
        <a onfocus='this.blur();' onclick="document.getElementById('div_ft1.7').style.display = 'none' " >
           [x]</a>
        </div>
        <pre>
        
ft1.7: Traceback (most recent call last):
  File "/Users/xuchen/PycharmProjects/BCGTFA/test_case/firstTest.py", line 195, in test_bc_07
    yjnhsy_button_type = driver.find_element_by_id("com.bs.finance:id/line_1").is_displayed()
  File "/Users/xuchen/venv/BCGTFA/lib/python3.7/site-packages/selenium/webdriver/remote/webdriver.py", line 359, in find_element_by_id
    return self.find_element(by=By.ID, value=id_)
  File "/Users/xuchen/venv/BCGTFA/lib/python3.7/site-packages/appium/webdriver/webdriver.py", line 221, in find_element
    'value': value})['value']
  File "/Users/xuchen/venv/BCGTFA/lib/python3.7/site-packages/selenium/webdriver/remote/webdriver.py", line 320, in execute
    self.error_handler.check_response(response)
  File "/Users/xuchen/venv/BCGTFA/lib/python3.7/site-packages/appium/webdriver/errorhandler.py", line 29, in check_response
    raise wde
  File "/Users/xuchen/venv/BCGTFA/lib/python3.7/site-packages/appium/webdriver/errorhandler.py", line 24, in check_response
    super(MobileErrorHandler, self).check_response(response)
  File "/Users/xuchen/venv/BCGTFA/lib/python3.7/site-packages/selenium/webdriver/remote/errorhandler.py", line 242, in check_response
    raise exception_class(message, screen, stacktrace)
selenium.common.exceptions.NoSuchElementException: Message: An element could not be located on the page using the given search parameters.

Traceback (most recent call last):
  File "/Users/xuchen/PycharmProjects/BCGTFA/test_case/firstTest.py", line 195, in test_bc_07
    yjnhsy_button_type = driver.find_element_by_id("com.bs.finance:id/line_1").is_displayed()
  File "/Users/xuchen/venv/BCGTFA/lib/python3.7/site-packages/selenium/webdriver/remote/webdriver.py", line 359, in find_element_by_id
    return self.find_element(by=By.ID, value=id_)
  File "/Users/xuchen/venv/BCGTFA/lib/python3.7/site-packages/appium/webdriver/webdriver.py", line 221, in find_element
    'value': value})['value']
  File "/Users/xuchen/venv/BCGTFA/lib/python3.7/site-packages/selenium/webdriver/remote/webdriver.py", line 320, in execute
    self.error_handler.check_response(response)
  File "/Users/xuchen/venv/BCGTFA/lib/python3.7/site-packages/appium/webdriver/errorhandler.py", line 29, in check_response
    raise wde
  File "/Users/xuchen/venv/BCGTFA/lib/python3.7/site-packages/appium/webdriver/errorhandler.py", line 24, in check_response
    super(MobileErrorHandler, self).check_response(response)
  File "/Users/xuchen/venv/BCGTFA/lib/python3.7/site-packages/selenium/webdriver/remote/errorhandler.py", line 242, in check_response
    raise exception_class(message, screen, stacktrace)
selenium.common.exceptions.NoSuchElementException: Message: An element could not be located on the page using the given search parameters.



        </pre>
    </div>
    <!--css div popup end-->

    </td>
</tr>

<tr id='ft1.8' class='none'>
    <td class='errorCase'><div class='testcase'>test_bc_08: 理财产品右上角搜索图标点击</div></td>
    <td colspan='5' align='center'>

    <!--css div popup start-->
    <a class="popup_link" onfocus='this.blur();' href="javascript:showTestDetail('div_ft1.8')" >
        error</a>

    <div id='div_ft1.8' class="popup_window">
        <div style='text-align: right; color:red;cursor:pointer'>
        <a onfocus='this.blur();' onclick="document.getElementById('div_ft1.8').style.display = 'none' " >
           [x]</a>
        </div>
        <pre>
        
ft1.8: Traceback (most recent call last):
  File "/Users/xuchen/PycharmProjects/BCGTFA/test_case/firstTest.py", line 226, in test_bc_08
    mo().my_Click(driver, "xpath", 15)
  File "/Users/xuchen/PycharmProjects/BCGTFA/biz/my_operation.py", line 24, in my_Click
    driver.find_element_by_xpath(expath).click()
  File "/Users/xuchen/venv/BCGTFA/lib/python3.7/site-packages/selenium/webdriver/remote/webdriver.py", line 393, in find_element_by_xpath
    return self.find_element(by=By.XPATH, value=xpath)
  File "/Users/xuchen/venv/BCGTFA/lib/python3.7/site-packages/appium/webdriver/webdriver.py", line 221, in find_element
    'value': value})['value']
  File "/Users/xuchen/venv/BCGTFA/lib/python3.7/site-packages/selenium/webdriver/remote/webdriver.py", line 320, in execute
    self.error_handler.check_response(response)
  File "/Users/xuchen/venv/BCGTFA/lib/python3.7/site-packages/appium/webdriver/errorhandler.py", line 29, in check_response
    raise wde
  File "/Users/xuchen/venv/BCGTFA/lib/python3.7/site-packages/appium/webdriver/errorhandler.py", line 24, in check_response
    super(MobileErrorHandler, self).check_response(response)
  File "/Users/xuchen/venv/BCGTFA/lib/python3.7/site-packages/selenium/webdriver/remote/errorhandler.py", line 242, in check_response
    raise exception_class(message, screen, stacktrace)
selenium.common.exceptions.NoSuchElementException: Message: An element could not be located on the page using the given search parameters.

Traceback (most recent call last):
  File "/Users/xuchen/PycharmProjects/BCGTFA/test_case/firstTest.py", line 226, in test_bc_08
    mo().my_Click(driver, "xpath", 15)
  File "/Users/xuchen/PycharmProjects/BCGTFA/biz/my_operation.py", line 24, in my_Click
    driver.find_element_by_xpath(expath).click()
  File "/Users/xuchen/venv/BCGTFA/lib/python3.7/site-packages/selenium/webdriver/remote/webdriver.py", line 393, in find_element_by_xpath
    return self.find_element(by=By.XPATH, value=xpath)
  File "/Users/xuchen/venv/BCGTFA/lib/python3.7/site-packages/appium/webdriver/webdriver.py", line 221, in find_element
    'value': value})['value']
  File "/Users/xuchen/venv/BCGTFA/lib/python3.7/site-packages/selenium/webdriver/remote/webdriver.py", line 320, in execute
    self.error_handler.check_response(response)
  File "/Users/xuchen/venv/BCGTFA/lib/python3.7/site-packages/appium/webdriver/errorhandler.py", line 29, in check_response
    raise wde
  File "/Users/xuchen/venv/BCGTFA/lib/python3.7/site-packages/appium/webdriver/errorhandler.py", line 24, in check_response
    super(MobileErrorHandler, self).check_response(response)
  File "/Users/xuchen/venv/BCGTFA/lib/python3.7/site-packages/selenium/webdriver/remote/errorhandler.py", line 242, in check_response
    raise exception_class(message, screen, stacktrace)
selenium.common.exceptions.NoSuchElementException: Message: An element could not be located on the page using the given search parameters.



        </pre>
    </div>
    <!--css div popup end-->

    </td>
</tr>

<tr id='ft1.9' class='none'>
    <td class='errorCase'><div class='testcase'>test_bc_09: 输入理财产品名称查看搜索结果</div></td>
    <td colspan='5' align='center'>

    <!--css div popup start-->
    <a class="popup_link" onfocus='this.blur();' href="javascript:showTestDetail('div_ft1.9')" >
        error</a>

    <div id='div_ft1.9' class="popup_window">
        <div style='text-align: right; color:red;cursor:pointer'>
        <a onfocus='this.blur();' onclick="document.getElementById('div_ft1.9').style.display = 'none' " >
           [x]</a>
        </div>
        <pre>
        
ft1.9: Traceback (most recent call last):
  File "/Users/xuchen/PycharmProjects/BCGTFA/test_case/firstTest.py", line 234, in test_bc_09
    driver.find_element_by_id("com.bs.finance:id/et_key").send_keys(u"日日盈")
  File "/Users/xuchen/venv/BCGTFA/lib/python3.7/site-packages/selenium/webdriver/remote/webdriver.py", line 359, in find_element_by_id
    return self.find_element(by=By.ID, value=id_)
  File "/Users/xuchen/venv/BCGTFA/lib/python3.7/site-packages/appium/webdriver/webdriver.py", line 221, in find_element
    'value': value})['value']
  File "/Users/xuchen/venv/BCGTFA/lib/python3.7/site-packages/selenium/webdriver/remote/webdriver.py", line 320, in execute
    self.error_handler.check_response(response)
  File "/Users/xuchen/venv/BCGTFA/lib/python3.7/site-packages/appium/webdriver/errorhandler.py", line 29, in check_response
    raise wde
  File "/Users/xuchen/venv/BCGTFA/lib/python3.7/site-packages/appium/webdriver/errorhandler.py", line 24, in check_response
    super(MobileErrorHandler, self).check_response(response)
  File "/Users/xuchen/venv/BCGTFA/lib/python3.7/site-packages/selenium/webdriver/remote/errorhandler.py", line 242, in check_response
    raise exception_class(message, screen, stacktrace)
selenium.common.exceptions.NoSuchElementException: Message: An element could not be located on the page using the given search parameters.

Traceback (most recent call last):
  File "/Users/xuchen/PycharmProjects/BCGTFA/test_case/firstTest.py", line 234, in test_bc_09
    driver.find_element_by_id("com.bs.finance:id/et_key").send_keys(u"日日盈")
  File "/Users/xuchen/venv/BCGTFA/lib/python3.7/site-packages/selenium/webdriver/remote/webdriver.py", line 359, in find_element_by_id
    return self.find_element(by=By.ID, value=id_)
  File "/Users/xuchen/venv/BCGTFA/lib/python3.7/site-packages/appium/webdriver/webdriver.py", line 221, in find_element
    'value': value})['value']
  File "/Users/xuchen/venv/BCGTFA/lib/python3.7/site-packages/selenium/webdriver/remote/webdriver.py", line 320, in execute
    self.error_handler.check_response(response)
  File "/Users/xuchen/venv/BCGTFA/lib/python3.7/site-packages/appium/webdriver/errorhandler.py", line 29, in check_response
    raise wde
  File "/Users/xuchen/venv/BCGTFA/lib/python3.7/site-packages/appium/webdriver/errorhandler.py", line 24, in check_response
    super(MobileErrorHandler, self).check_response(response)
  File "/Users/xuchen/venv/BCGTFA/lib/python3.7/site-packages/selenium/webdriver/remote/errorhandler.py", line 242, in check_response
    raise exception_class(message, screen, stacktrace)
selenium.common.exceptions.NoSuchElementException: Message: An element could not be located on the page using the given search parameters.



        </pre>
    </div>
    <!--css div popup end-->

    </td>
</tr>

<tr id='ft1.10' class='none'>
    <td class='errorCase'><div class='testcase'>test_bc_10: 排行榜中理财产品导航栏按钮点击跳转</div></td>
    <td colspan='5' align='center'>

    <!--css div popup start-->
    <a class="popup_link" onfocus='this.blur();' href="javascript:showTestDetail('div_ft1.10')" >
        error</a>

    <div id='div_ft1.10' class="popup_window">
        <div style='text-align: right; color:red;cursor:pointer'>
        <a onfocus='this.blur();' onclick="document.getElementById('div_ft1.10').style.display = 'none' " >
           [x]</a>
        </div>
        <pre>
        
ft1.10: Traceback (most recent call last):
  File "/Users/xuchen/PycharmProjects/BCGTFA/test_case/firstTest.py", line 263, in test_bc_10
    jsgyzf_button_type = driver.find_element_by_id("com.bs.finance:id/line_1").is_displayed()
  File "/Users/xuchen/venv/BCGTFA/lib/python3.7/site-packages/selenium/webdriver/remote/webdriver.py", line 359, in find_element_by_id
    return self.find_element(by=By.ID, value=id_)
  File "/Users/xuchen/venv/BCGTFA/lib/python3.7/site-packages/appium/webdriver/webdriver.py", line 221, in find_element
    'value': value})['value']
  File "/Users/xuchen/venv/BCGTFA/lib/python3.7/site-packages/selenium/webdriver/remote/webdriver.py", line 320, in execute
    self.error_handler.check_response(response)
  File "/Users/xuchen/venv/BCGTFA/lib/python3.7/site-packages/appium/webdriver/errorhandler.py", line 29, in check_response
    raise wde
  File "/Users/xuchen/venv/BCGTFA/lib/python3.7/site-packages/appium/webdriver/errorhandler.py", line 24, in check_response
    super(MobileErrorHandler, self).check_response(response)
  File "/Users/xuchen/venv/BCGTFA/lib/python3.7/site-packages/selenium/webdriver/remote/errorhandler.py", line 242, in check_response
    raise exception_class(message, screen, stacktrace)
selenium.common.exceptions.NoSuchElementException: Message: An element could not be located on the page using the given search parameters.

Traceback (most recent call last):
  File "/Users/xuchen/PycharmProjects/BCGTFA/test_case/firstTest.py", line 263, in test_bc_10
    jsgyzf_button_type = driver.find_element_by_id("com.bs.finance:id/line_1").is_displayed()
  File "/Users/xuchen/venv/BCGTFA/lib/python3.7/site-packages/selenium/webdriver/remote/webdriver.py", line 359, in find_element_by_id
    return self.find_element(by=By.ID, value=id_)
  File "/Users/xuchen/venv/BCGTFA/lib/python3.7/site-packages/appium/webdriver/webdriver.py", line 221, in find_element
    'value': value})['value']
  File "/Users/xuchen/venv/BCGTFA/lib/python3.7/site-packages/selenium/webdriver/remote/webdriver.py", line 320, in execute
    self.error_handler.check_response(response)
  File "/Users/xuchen/venv/BCGTFA/lib/python3.7/site-packages/appium/webdriver/errorhandler.py", line 29, in check_response
    raise wde
  File "/Users/xuchen/venv/BCGTFA/lib/python3.7/site-packages/appium/webdriver/errorhandler.py", line 24, in check_response
    super(MobileErrorHandler, self).check_response(response)
  File "/Users/xuchen/venv/BCGTFA/lib/python3.7/site-packages/selenium/webdriver/remote/errorhandler.py", line 242, in check_response
    raise exception_class(message, screen, stacktrace)
selenium.common.exceptions.NoSuchElementException: Message: An element could not be located on the page using the given search parameters.



        </pre>
    </div>
    <!--css div popup end-->

    </td>
</tr>

<tr id='ft1.11' class='none'>
    <td class='errorCase'><div class='testcase'>test_bc_11: 纯债基金右上角搜索图标点击</div></td>
    <td colspan='5' align='center'>

    <!--css div popup start-->
    <a class="popup_link" onfocus='this.blur();' href="javascript:showTestDetail('div_ft1.11')" >
        error</a>

    <div id='div_ft1.11' class="popup_window">
        <div style='text-align: right; color:red;cursor:pointer'>
        <a onfocus='this.blur();' onclick="document.getElementById('div_ft1.11').style.display = 'none' " >
           [x]</a>
        </div>
        <pre>
        
ft1.11: Traceback (most recent call last):
  File "/Users/xuchen/PycharmProjects/BCGTFA/test_case/firstTest.py", line 294, in test_bc_11
    mo().my_Click(driver, "xpath", 15)
  File "/Users/xuchen/PycharmProjects/BCGTFA/biz/my_operation.py", line 24, in my_Click
    driver.find_element_by_xpath(expath).click()
  File "/Users/xuchen/venv/BCGTFA/lib/python3.7/site-packages/selenium/webdriver/remote/webdriver.py", line 393, in find_element_by_xpath
    return self.find_element(by=By.XPATH, value=xpath)
  File "/Users/xuchen/venv/BCGTFA/lib/python3.7/site-packages/appium/webdriver/webdriver.py", line 221, in find_element
    'value': value})['value']
  File "/Users/xuchen/venv/BCGTFA/lib/python3.7/site-packages/selenium/webdriver/remote/webdriver.py", line 320, in execute
    self.error_handler.check_response(response)
  File "/Users/xuchen/venv/BCGTFA/lib/python3.7/site-packages/appium/webdriver/errorhandler.py", line 29, in check_response
    raise wde
  File "/Users/xuchen/venv/BCGTFA/lib/python3.7/site-packages/appium/webdriver/errorhandler.py", line 24, in check_response
    super(MobileErrorHandler, self).check_response(response)
  File "/Users/xuchen/venv/BCGTFA/lib/python3.7/site-packages/selenium/webdriver/remote/errorhandler.py", line 242, in check_response
    raise exception_class(message, screen, stacktrace)
selenium.common.exceptions.NoSuchElementException: Message: An element could not be located on the page using the given search parameters.

Traceback (most recent call last):
  File "/Users/xuchen/PycharmProjects/BCGTFA/test_case/firstTest.py", line 294, in test_bc_11
    mo().my_Click(driver, "xpath", 15)
  File "/Users/xuchen/PycharmProjects/BCGTFA/biz/my_operation.py", line 24, in my_Click
    driver.find_element_by_xpath(expath).click()
  File "/Users/xuchen/venv/BCGTFA/lib/python3.7/site-packages/selenium/webdriver/remote/webdriver.py", line 393, in find_element_by_xpath
    return self.find_element(by=By.XPATH, value=xpath)
  File "/Users/xuchen/venv/BCGTFA/lib/python3.7/site-packages/appium/webdriver/webdriver.py", line 221, in find_element
    'value': value})['value']
  File "/Users/xuchen/venv/BCGTFA/lib/python3.7/site-packages/selenium/webdriver/remote/webdriver.py", line 320, in execute
    self.error_handler.check_response(response)
  File "/Users/xuchen/venv/BCGTFA/lib/python3.7/site-packages/appium/webdriver/errorhandler.py", line 29, in check_response
    raise wde
  File "/Users/xuchen/venv/BCGTFA/lib/python3.7/site-packages/appium/webdriver/errorhandler.py", line 24, in check_response
    super(MobileErrorHandler, self).check_response(response)
  File "/Users/xuchen/venv/BCGTFA/lib/python3.7/site-packages/selenium/webdriver/remote/errorhandler.py", line 242, in check_response
    raise exception_class(message, screen, stacktrace)
selenium.common.exceptions.NoSuchElementException: Message: An element could not be located on the page using the given search parameters.



        </pre>
    </div>
    <!--css div popup end-->

    </td>
</tr>

<tr id='ft1.12' class='none'>
    <td class='errorCase'><div class='testcase'>test_bc_12: 输入纯债基金产品名称查看搜索结果</div></td>
    <td colspan='5' align='center'>

    <!--css div popup start-->
    <a class="popup_link" onfocus='this.blur();' href="javascript:showTestDetail('div_ft1.12')" >
        error</a>

    <div id='div_ft1.12' class="popup_window">
        <div style='text-align: right; color:red;cursor:pointer'>
        <a onfocus='this.blur();' onclick="document.getElementById('div_ft1.12').style.display = 'none' " >
           [x]</a>
        </div>
        <pre>
        
ft1.12: Traceback (most recent call last):
  File "/Users/xuchen/PycharmProjects/BCGTFA/test_case/firstTest.py", line 302, in test_bc_12
    driver.find_element_by_id("com.bs.finance:id/et_key").send_keys(u"财富宝")
  File "/Users/xuchen/venv/BCGTFA/lib/python3.7/site-packages/selenium/webdriver/remote/webdriver.py", line 359, in find_element_by_id
    return self.find_element(by=By.ID, value=id_)
  File "/Users/xuchen/venv/BCGTFA/lib/python3.7/site-packages/appium/webdriver/webdriver.py", line 221, in find_element
    'value': value})['value']
  File "/Users/xuchen/venv/BCGTFA/lib/python3.7/site-packages/selenium/webdriver/remote/webdriver.py", line 320, in execute
    self.error_handler.check_response(response)
  File "/Users/xuchen/venv/BCGTFA/lib/python3.7/site-packages/appium/webdriver/errorhandler.py", line 29, in check_response
    raise wde
  File "/Users/xuchen/venv/BCGTFA/lib/python3.7/site-packages/appium/webdriver/errorhandler.py", line 24, in check_response
    super(MobileErrorHandler, self).check_response(response)
  File "/Users/xuchen/venv/BCGTFA/lib/python3.7/site-packages/selenium/webdriver/remote/errorhandler.py", line 242, in check_response
    raise exception_class(message, screen, stacktrace)
selenium.common.exceptions.NoSuchElementException: Message: An element could not be located on the page using the given search parameters.

Traceback (most recent call last):
  File "/Users/xuchen/PycharmProjects/BCGTFA/test_case/firstTest.py", line 302, in test_bc_12
    driver.find_element_by_id("com.bs.finance:id/et_key").send_keys(u"财富宝")
  File "/Users/xuchen/venv/BCGTFA/lib/python3.7/site-packages/selenium/webdriver/remote/webdriver.py", line 359, in find_element_by_id
    return self.find_element(by=By.ID, value=id_)
  File "/Users/xuchen/venv/BCGTFA/lib/python3.7/site-packages/appium/webdriver/webdriver.py", line 221, in find_element
    'value': value})['value']
  File "/Users/xuchen/venv/BCGTFA/lib/python3.7/site-packages/selenium/webdriver/remote/webdriver.py", line 320, in execute
    self.error_handler.check_response(response)
  File "/Users/xuchen/venv/BCGTFA/lib/python3.7/site-packages/appium/webdriver/errorhandler.py", line 29, in check_response
    raise wde
  File "/Users/xuchen/venv/BCGTFA/lib/python3.7/site-packages/appium/webdriver/errorhandler.py", line 24, in check_response
    super(MobileErrorHandler, self).check_response(response)
  File "/Users/xuchen/venv/BCGTFA/lib/python3.7/site-packages/selenium/webdriver/remote/errorhandler.py", line 242, in check_response
    raise exception_class(message, screen, stacktrace)
selenium.common.exceptions.NoSuchElementException: Message: An element could not be located on the page using the given search parameters.



        </pre>
    </div>
    <!--css div popup end-->

    </td>
</tr>

<tr id='pt1.13' class='hiddenRow'>
    <td class='none'><div class='testcase'>test_bc_13: 点击比收益按钮</div></td>
    <td colspan='5' align='center'>pass</td>
</tr>

<tr id='total_row'>
    <td>Total</td>
    <td>13</td>
    <td>2</td>
    <td>0</td>
    <td>11</td>
    <td>&nbsp;</td>
</tr>
</table>

<div id='ending'>&nbsp;</div>

</body>
</html>
